rfid/build/intermediates/manifest_merge_blame_file/release/manifest-merger-blame-release-report.txt
1<?xml version="1.0" encoding="utf-8"?>
2<manifest xmlns:android="http://schemas.android.com/apk/res/android"
3    package="com.caen.easyController"
4    android:versionCode="20"
5    android:versionName="1.11.0" >
6
7    <uses-sdk
8        android:maxSdkVersion="29"
8-->src\main\AndroidManifest.xml
9        android:minSdkVersion="22"
9-->src\main\AndroidManifest.xml
10        android:targetSdkVersion="30" />
10-->src\main\AndroidManifest.xml
11
12    <uses-permission android:name="android.permission.INTERNET" />
12-->src\main\AndroidManifest.xml:6:5-67
12-->src\main\AndroidManifest.xml:6:22-64
13    <uses-permission android:name="android.permission.ACCESS_WIFI_STATE" />
13-->src\main\AndroidManifest.xml:7:5-76
13-->src\main\AndroidManifest.xml:7:22-73
14    <uses-permission android:name="android.permission.BLUETOOTH" />
14-->src\main\AndroidManifest.xml:8:5-68
14-->src\main\AndroidManifest.xml:8:22-65
15    <uses-permission android:name="android.permission.BLUETOOTH_ADMIN" />
15-->src\main\AndroidManifest.xml:9:5-74
15-->src\main\AndroidManifest.xml:9:22-71
16    <uses-permission android:name="android.permission.ACCESS_FINE_LOCATION" />
16-->src\main\AndroidManifest.xml:10:5-79
16-->src\main\AndroidManifest.xml:10:22-76
17    <uses-permission android:name="android.permission.ACCESS_COARSE_LOCATION" />
17-->src\main\AndroidManifest.xml:11:5-81
17-->src\main\AndroidManifest.xml:11:22-78
18    <uses-permission android:name="android.permission.ACCESS_NETWORK_STATE" />
18-->src\main\AndroidManifest.xml:12:5-79
18-->src\main\AndroidManifest.xml:12:22-76
19    <uses-permission android:name="android.permission.WRITE_EXTERNAL_STORAGE" />
19-->src\main\AndroidManifest.xml:13:5-81
19-->src\main\AndroidManifest.xml:13:22-78
20
21    <uses-feature
21-->src\main\AndroidManifest.xml:15:5-17:35
22        android:name="android.hardware.bluetooth_le"
22-->src\main\AndroidManifest.xml:16:9-53
23        android:required="true" />
23-->src\main\AndroidManifest.xml:17:9-32
24    <uses-feature android:name="android.hardware.usb.host" />
24-->src\main\AndroidManifest.xml:18:5-62
24-->src\main\AndroidManifest.xml:18:19-59
25
26    <uses-permission android:name="android.permission.READ_EXTERNAL_STORAGE" />
27
28    <application
28-->src\main\AndroidManifest.xml:20:5-68:19
29        android:allowBackup="false"
29-->src\main\AndroidManifest.xml:21:9-36
30        android:appComponentFactory="androidx.core.app.CoreComponentFactory"
30-->[androidx.core:core:1.3.1] AndroidManifest.xml:24:18-86
31        android:description="@string/easy_controller_products_description"
31-->src\main\AndroidManifest.xml:22:9-75
32        android:label="@string/app_name"
32-->src\main\AndroidManifest.xml:23:9-41
33        android:requestLegacyExternalStorage="true"
33-->src\main\AndroidManifest.xml:24:9-52
34        android:testOnly="true"
35        android:theme="@style/Theme.AppCompat.NoActionBar" >
35-->src\main\AndroidManifest.xml:25:9-59
36        <provider
36-->src\main\AndroidManifest.xml:31:9-41:20
37            android:name="androidx.core.content.FileProvider"
37-->src\main\AndroidManifest.xml:32:13-62
38            android:authorities="com.caen.easyController.fileprovider"
38-->src\main\AndroidManifest.xml:33:13-71
39            android:exported="false"
39-->src\main\AndroidManifest.xml:34:13-37
40            android:grantUriPermissions="true" >
40-->src\main\AndroidManifest.xml:35:13-47
41            <meta-data
41-->src\main\AndroidManifest.xml:37:13-40:52
42                android:name="android.support.FILE_PROVIDER_PATHS"
42-->src\main\AndroidManifest.xml:38:17-67
43                android:resource="@xml/file_paths" />
43-->src\main\AndroidManifest.xml:39:17-51
44        </provider>
45
46        <activity
46-->src\main\AndroidManifest.xml:43:9-52:20
47            android:name="com.caen.easyController.controllerActivity"
47-->src\main\AndroidManifest.xml:44:13-47
48            android:configChanges="orientation"
48-->src\main\AndroidManifest.xml:45:13-48
49            android:label="@string/app_name" >
49-->src\main\AndroidManifest.xml:46:13-45
50            <intent-filter>
50-->src\main\AndroidManifest.xml:47:13-51:29
51                <action android:name="android.intent.action.MAIN" />
51-->src\main\AndroidManifest.xml:48:17-69
51-->src\main\AndroidManifest.xml:48:25-66
52
53                <category android:name="android.intent.category.LAUNCHER" />
53-->src\main\AndroidManifest.xml:50:17-77
53-->src\main\AndroidManifest.xml:50:27-74
54            </intent-filter>
55        </activity>
56        <activity
56-->src\main\AndroidManifest.xml:53:9-56:59
57            android:name="com.caen.easyController.BTSelection"
57-->src\main\AndroidManifest.xml:54:13-40
58            android:configChanges="orientation"
58-->src\main\AndroidManifest.xml:55:13-48
59            android:theme="@android:style/Theme.Dialog" />
59-->src\main\AndroidManifest.xml:56:13-56
60        <activity
60-->src\main\AndroidManifest.xml:57:9-60:59
61            android:name="com.caen.easyController.BLESelection"
61-->src\main\AndroidManifest.xml:58:13-41
62            android:configChanges="orientation"
62-->src\main\AndroidManifest.xml:59:13-48
63            android:theme="@android:style/Theme.Dialog" />
63-->src\main\AndroidManifest.xml:60:13-56
64        <activity
64-->src\main\AndroidManifest.xml:61:9-63:51
65            android:name="com.caen.easyController.InventoryActivity"
65-->src\main\AndroidManifest.xml:62:13-46
66            android:configChanges="orientation" />
66-->src\main\AndroidManifest.xml:63:13-48
67        <activity
67-->src\main\AndroidManifest.xml:65:9-67:75
68            android:name="com.caen.easyController.ReadAndWriteActivity"
68-->src\main\AndroidManifest.xml:66:13-49
69            android:configChanges="keyboard|keyboardHidden|orientation" />
69-->src\main\AndroidManifest.xml:67:13-72
70    </application>
71
72</manifest>